<?xml version="1.0" encoding="UTF-8"?>
<!-- Generated by org.testng.reporters.JUnitReportReporter -->
<testsuite hostname="DESKTOP-CQKVQTJ" failures="0" tests="1" name="com.training.sanity.tests.UFM_004_Registration" time="19.681" errors="0" timestamp="2019-11-15T10:56:28 IST" skipped="0">
  <testcase classname="com.training.sanity.tests.UFM_004_Registration" name="Registration" time="19.681"/>
</testsuite> <!-- com.training.sanity.tests.UFM_004_Registration -->
