<?xml version="1.0" encoding="UTF-8"?>
<!-- Generated by org.testng.reporters.JUnitReportReporter -->
<testsuite hostname="DESKTOP-CQKVQTJ" failures="0" tests="1" name="com.training.sanity.tests.UFM_005_ModifyPersonalDetails" time="30.536" errors="0" timestamp="2019-11-19T15:18:07 IST" skipped="0">
  <testcase classname="com.training.sanity.tests.UFM_005_ModifyPersonalDetails" name="OrderHistory" time="30.536"/>
</testsuite> <!-- com.training.sanity.tests.UFM_005_ModifyPersonalDetails -->
