<?xml version="1.0" encoding="UTF-8"?>
<!-- Generated by org.testng.reporters.JUnitReportReporter -->
<testsuite hostname="DESKTOP-CQKVQTJ" failures="0" tests="1" name="com.training.sanity.tests.LoginTests" time="20.485" errors="0" timestamp="2019-11-12T12:46:31 IST" skipped="0">
  <testcase classname="com.training.sanity.tests.LoginTests" name="validLoginTest" time="20.485"/>
</testsuite> <!-- com.training.sanity.tests.LoginTests -->
