<?xml version="1.0" encoding="UTF-8"?>
<!-- Generated by org.testng.reporters.JUnitReportReporter -->
<testsuite hostname="DESKTOP-CQKVQTJ" failures="0" tests="1" name="Simple.TC001" time="38.619" errors="0" timestamp="2019-11-11T17:59:11 IST" skipped="0">
  <testcase classname="Simple.TC001" name="login" time="38.619"/>
</testsuite> <!-- Simple.TC001 -->
