<?xml version="1.0" encoding="UTF-8"?>
<!-- Generated by org.testng.reporters.JUnitReportReporter -->
<testsuite hostname="DESKTOP-CQKVQTJ" failures="0" tests="1" name="com.training.sanity.tests.UFM_004_OrderHistory" time="25.725" errors="0" timestamp="2019-11-19T14:08:10 IST" skipped="0">
  <testcase classname="com.training.sanity.tests.UFM_004_OrderHistory" name="OrderHistory" time="25.725"/>
</testsuite> <!-- com.training.sanity.tests.UFM_004_OrderHistory -->
